

Microchip Technology PIC LITE Macro Assembler V2.00 build -1524193055 
                                                                                               Fri Jun 22 11:08:01 2018

Microchip Technology Omniscient Code Generator v2.00 (Free mode) build 20180527130849
     1                           	processor	16F1503
     2                           	opt	pw 120
     3                           	opt	lm
     4                           	psect	nvCOMMON,global,class=COMMON,space=1,delta=1
     5                           	psect	cinit,global,class=CODE,merge=1,delta=2
     6                           	psect	bssCOMMON,global,class=COMMON,space=1,delta=1
     7                           	psect	cstackCOMMON,global,class=COMMON,space=1,delta=1
     8                           	psect	maintext,global,class=CODE,merge=1,split=1,delta=2
     9                           	psect	text1,local,class=CODE,merge=1,delta=2
    10                           	psect	text2,local,class=CODE,merge=1,delta=2
    11                           	psect	text3,local,class=CODE,merge=1,delta=2
    12                           	psect	text4,local,class=CODE,merge=1,delta=2
    13                           	psect	text5,local,class=CODE,merge=1,delta=2
    14                           	psect	text6,local,class=CODE,merge=1,delta=2
    15                           	psect	text7,local,class=CODE,merge=1,delta=2
    16                           	psect	intentry,global,class=CODE,delta=2
    17                           	psect	text9,local,class=CODE,merge=1,delta=2
    18                           	psect	text10,local,class=CODE,merge=1,delta=2
    19                           	psect	text11,local,class=CODE,merge=1,delta=2
    20                           	dabs	1,0x7E,2
    21  0000                     
    22                           ; Version 2.00
    23                           ; Generated 27/05/2018 GMT
    24                           ; 
    25                           ; Copyright © 2018, Microchip Technology Inc. and its subsidiaries ("Microchip")
    26                           ; All rights reserved.
    27                           ; 
    28                           ; This software is developed by Microchip Technology Inc. and its subsidiaries ("Microch
      +                          ip").
    29                           ; 
    30                           ; Redistribution and use in source and binary forms, with or without modification, are
    31                           ; permitted provided that the following conditions are met:
    32                           ; 
    33                           ;     1. Redistributions of source code must retain the above copyright notice, this lis
      +                          t of
    34                           ;        conditions and the following disclaimer.
    35                           ; 
    36                           ;     2. Redistributions in binary form must reproduce the above copyright notice, this 
      +                          list
    37                           ;        of conditions and the following disclaimer in the documentation and/or other
    38                           ;        materials provided with the distribution.
    39                           ; 
    40                           ;     3. Microchip's name may not be used to endorse or promote products derived from th
      +                          is
    41                           ;        software without specific prior written permission.
    42                           ; 
    43                           ; THIS SOFTWARE IS PROVIDED BY MICROCHIP "AS IS" AND ANY EXPRESS OR IMPLIED WARRANTIES,
    44                           ; INCLUDING, BUT NOT LIMITED TO, THE IMPLIED WARRANTIES OF MERCHANTABILITY AND FITNESS F
      +                          OR
    45                           ; PURPOSE ARE DISCLAIMED.  IN NO EVENT SHALL MICROCHIP BE LIABLE FOR ANY DIRECT, INDIREC
      +                          T,
    46                           ; INCIDENTAL, SPECIAL, EXEMPLARY, OR CONSEQUENTIAL DAMAGES (INCLUDING BUT NOT LIMITED TO
    47                           ; PROCUREMENT OF SUBSTITUTE GOODS OR SERVICES; LOSS OF USE, DATA OR PROFITS; OR BUSINESS
    48                           ; INTERRUPTION) HOWSOEVER CAUSED AND ON ANY THEORY OF LIABILITY, WHETHER IN CONTRACT, ST
      +                          RICT
    49                           ; LIABILITY, OR TORT (INCLUDING NEGLIGENCE OR OTHERWISE) ARISING IN ANY WAY OUT OF THE U
      +                          SE OF
    50                           ; THIS SOFTWARE, EVEN IF ADVISED OF THE POSSIBILITY OF SUCH DAMAGE.
    51                           ; 
    52                           ; 
    53                           ; Code-generator required, PIC16F1503 Definitions
    54                           ; 
    55                           ; SFR Addresses
    56  0000                     	;# 
    57  0001                     	;# 
    58  0002                     	;# 
    59  0003                     	;# 
    60  0004                     	;# 
    61  0005                     	;# 
    62  0006                     	;# 
    63  0007                     	;# 
    64  0008                     	;# 
    65  0009                     	;# 
    66  000A                     	;# 
    67  000B                     	;# 
    68  000C                     	;# 
    69  000E                     	;# 
    70  0011                     	;# 
    71  0012                     	;# 
    72  0013                     	;# 
    73  0015                     	;# 
    74  0016                     	;# 
    75  0016                     	;# 
    76  0017                     	;# 
    77  0018                     	;# 
    78  0019                     	;# 
    79  001A                     	;# 
    80  001B                     	;# 
    81  001C                     	;# 
    82  008C                     	;# 
    83  008E                     	;# 
    84  0091                     	;# 
    85  0092                     	;# 
    86  0093                     	;# 
    87  0095                     	;# 
    88  0096                     	;# 
    89  0097                     	;# 
    90  0099                     	;# 
    91  009A                     	;# 
    92  009B                     	;# 
    93  009B                     	;# 
    94  009C                     	;# 
    95  009D                     	;# 
    96  009E                     	;# 
    97  009F                     	;# 
    98  010C                     	;# 
    99  010E                     	;# 
   100  0111                     	;# 
   101  0112                     	;# 
   102  0113                     	;# 
   103  0114                     	;# 
   104  0115                     	;# 
   105  0116                     	;# 
   106  0117                     	;# 
   107  0118                     	;# 
   108  0119                     	;# 
   109  011D                     	;# 
   110  018C                     	;# 
   111  018E                     	;# 
   112  0191                     	;# 
   113  0191                     	;# 
   114  0192                     	;# 
   115  0193                     	;# 
   116  0193                     	;# 
   117  0194                     	;# 
   118  0195                     	;# 
   119  0196                     	;# 
   120  0197                     	;# 
   121  020C                     	;# 
   122  0211                     	;# 
   123  0211                     	;# 
   124  0212                     	;# 
   125  0212                     	;# 
   126  0213                     	;# 
   127  0213                     	;# 
   128  0214                     	;# 
   129  0214                     	;# 
   130  0215                     	;# 
   131  0215                     	;# 
   132  0215                     	;# 
   133  0216                     	;# 
   134  0216                     	;# 
   135  0217                     	;# 
   136  0217                     	;# 
   137  0391                     	;# 
   138  0392                     	;# 
   139  0393                     	;# 
   140  0498                     	;# 
   141  0498                     	;# 
   142  0499                     	;# 
   143  049A                     	;# 
   144  049B                     	;# 
   145  049B                     	;# 
   146  049C                     	;# 
   147  049D                     	;# 
   148  049E                     	;# 
   149  049F                     	;# 
   150  0611                     	;# 
   151  0612                     	;# 
   152  0613                     	;# 
   153  0613                     	;# 
   154  0614                     	;# 
   155  0615                     	;# 
   156  0616                     	;# 
   157  0616                     	;# 
   158  0617                     	;# 
   159  0618                     	;# 
   160  0619                     	;# 
   161  0619                     	;# 
   162  061A                     	;# 
   163  061B                     	;# 
   164  061C                     	;# 
   165  061C                     	;# 
   166  0691                     	;# 
   167  0692                     	;# 
   168  0693                     	;# 
   169  0694                     	;# 
   170  0695                     	;# 
   171  0F0F                     	;# 
   172  0F10                     	;# 
   173  0F11                     	;# 
   174  0F12                     	;# 
   175  0F13                     	;# 
   176  0F14                     	;# 
   177  0F15                     	;# 
   178  0F16                     	;# 
   179  0F17                     	;# 
   180  0F18                     	;# 
   181  0F19                     	;# 
   182  0F1A                     	;# 
   183  0F1B                     	;# 
   184  0F1C                     	;# 
   185  0F1D                     	;# 
   186  0F1E                     	;# 
   187  0F1F                     	;# 
   188  0FE3                     	;# 
   189  0FE4                     	;# 
   190  0FE5                     	;# 
   191  0FE6                     	;# 
   192  0FE7                     	;# 
   193  0FE8                     	;# 
   194  0FE9                     	;# 
   195  0FEA                     	;# 
   196  0FEB                     	;# 
   197  0FED                     	;# 
   198  0FEE                     	;# 
   199  0FEF                     	;# 
   200  0000                     	;# 
   201  0001                     	;# 
   202  0002                     	;# 
   203  0003                     	;# 
   204  0004                     	;# 
   205  0005                     	;# 
   206  0006                     	;# 
   207  0007                     	;# 
   208  0008                     	;# 
   209  0009                     	;# 
   210  000A                     	;# 
   211  000B                     	;# 
   212  000C                     	;# 
   213  000E                     	;# 
   214  0011                     	;# 
   215  0012                     	;# 
   216  0013                     	;# 
   217  0015                     	;# 
   218  0016                     	;# 
   219  0016                     	;# 
   220  0017                     	;# 
   221  0018                     	;# 
   222  0019                     	;# 
   223  001A                     	;# 
   224  001B                     	;# 
   225  001C                     	;# 
   226  008C                     	;# 
   227  008E                     	;# 
   228  0091                     	;# 
   229  0092                     	;# 
   230  0093                     	;# 
   231  0095                     	;# 
   232  0096                     	;# 
   233  0097                     	;# 
   234  0099                     	;# 
   235  009A                     	;# 
   236  009B                     	;# 
   237  009B                     	;# 
   238  009C                     	;# 
   239  009D                     	;# 
   240  009E                     	;# 
   241  009F                     	;# 
   242  010C                     	;# 
   243  010E                     	;# 
   244  0111                     	;# 
   245  0112                     	;# 
   246  0113                     	;# 
   247  0114                     	;# 
   248  0115                     	;# 
   249  0116                     	;# 
   250  0117                     	;# 
   251  0118                     	;# 
   252  0119                     	;# 
   253  011D                     	;# 
   254  018C                     	;# 
   255  018E                     	;# 
   256  0191                     	;# 
   257  0191                     	;# 
   258  0192                     	;# 
   259  0193                     	;# 
   260  0193                     	;# 
   261  0194                     	;# 
   262  0195                     	;# 
   263  0196                     	;# 
   264  0197                     	;# 
   265  020C                     	;# 
   266  0211                     	;# 
   267  0211                     	;# 
   268  0212                     	;# 
   269  0212                     	;# 
   270  0213                     	;# 
   271  0213                     	;# 
   272  0214                     	;# 
   273  0214                     	;# 
   274  0215                     	;# 
   275  0215                     	;# 
   276  0215                     	;# 
   277  0216                     	;# 
   278  0216                     	;# 
   279  0217                     	;# 
   280  0217                     	;# 
   281  0391                     	;# 
   282  0392                     	;# 
   283  0393                     	;# 
   284  0498                     	;# 
   285  0498                     	;# 
   286  0499                     	;# 
   287  049A                     	;# 
   288  049B                     	;# 
   289  049B                     	;# 
   290  049C                     	;# 
   291  049D                     	;# 
   292  049E                     	;# 
   293  049F                     	;# 
   294  0611                     	;# 
   295  0612                     	;# 
   296  0613                     	;# 
   297  0613                     	;# 
   298  0614                     	;# 
   299  0615                     	;# 
   300  0616                     	;# 
   301  0616                     	;# 
   302  0617                     	;# 
   303  0618                     	;# 
   304  0619                     	;# 
   305  0619                     	;# 
   306  061A                     	;# 
   307  061B                     	;# 
   308  061C                     	;# 
   309  061C                     	;# 
   310  0691                     	;# 
   311  0692                     	;# 
   312  0693                     	;# 
   313  0694                     	;# 
   314  0695                     	;# 
   315  0F0F                     	;# 
   316  0F10                     	;# 
   317  0F11                     	;# 
   318  0F12                     	;# 
   319  0F13                     	;# 
   320  0F14                     	;# 
   321  0F15                     	;# 
   322  0F16                     	;# 
   323  0F17                     	;# 
   324  0F18                     	;# 
   325  0F19                     	;# 
   326  0F1A                     	;# 
   327  0F1B                     	;# 
   328  0F1C                     	;# 
   329  0F1D                     	;# 
   330  0F1E                     	;# 
   331  0F1F                     	;# 
   332  0FE3                     	;# 
   333  0FE4                     	;# 
   334  0FE5                     	;# 
   335  0FE6                     	;# 
   336  0FE7                     	;# 
   337  0FE8                     	;# 
   338  0FE9                     	;# 
   339  0FEA                     	;# 
   340  0FEB                     	;# 
   341  0FED                     	;# 
   342  0FEE                     	;# 
   343  0FEF                     	;# 
   344  0000                     	;# 
   345  0001                     	;# 
   346  0002                     	;# 
   347  0003                     	;# 
   348  0004                     	;# 
   349  0005                     	;# 
   350  0006                     	;# 
   351  0007                     	;# 
   352  0008                     	;# 
   353  0009                     	;# 
   354  000A                     	;# 
   355  000B                     	;# 
   356  000C                     	;# 
   357  000E                     	;# 
   358  0011                     	;# 
   359  0012                     	;# 
   360  0013                     	;# 
   361  0015                     	;# 
   362  0016                     	;# 
   363  0016                     	;# 
   364  0017                     	;# 
   365  0018                     	;# 
   366  0019                     	;# 
   367  001A                     	;# 
   368  001B                     	;# 
   369  001C                     	;# 
   370  008C                     	;# 
   371  008E                     	;# 
   372  0091                     	;# 
   373  0092                     	;# 
   374  0093                     	;# 
   375  0095                     	;# 
   376  0096                     	;# 
   377  0097                     	;# 
   378  0099                     	;# 
   379  009A                     	;# 
   380  009B                     	;# 
   381  009B                     	;# 
   382  009C                     	;# 
   383  009D                     	;# 
   384  009E                     	;# 
   385  009F                     	;# 
   386  010C                     	;# 
   387  010E                     	;# 
   388  0111                     	;# 
   389  0112                     	;# 
   390  0113                     	;# 
   391  0114                     	;# 
   392  0115                     	;# 
   393  0116                     	;# 
   394  0117                     	;# 
   395  0118                     	;# 
   396  0119                     	;# 
   397  011D                     	;# 
   398  018C                     	;# 
   399  018E                     	;# 
   400  0191                     	;# 
   401  0191                     	;# 
   402  0192                     	;# 
   403  0193                     	;# 
   404  0193                     	;# 
   405  0194                     	;# 
   406  0195                     	;# 
   407  0196                     	;# 
   408  0197                     	;# 
   409  020C                     	;# 
   410  0211                     	;# 
   411  0211                     	;# 
   412  0212                     	;# 
   413  0212                     	;# 
   414  0213                     	;# 
   415  0213                     	;# 
   416  0214                     	;# 
   417  0214                     	;# 
   418  0215                     	;# 
   419  0215                     	;# 
   420  0215                     	;# 
   421  0216                     	;# 
   422  0216                     	;# 
   423  0217                     	;# 
   424  0217                     	;# 
   425  0391                     	;# 
   426  0392                     	;# 
   427  0393                     	;# 
   428  0498                     	;# 
   429  0498                     	;# 
   430  0499                     	;# 
   431  049A                     	;# 
   432  049B                     	;# 
   433  049B                     	;# 
   434  049C                     	;# 
   435  049D                     	;# 
   436  049E                     	;# 
   437  049F                     	;# 
   438  0611                     	;# 
   439  0612                     	;# 
   440  0613                     	;# 
   441  0613                     	;# 
   442  0614                     	;# 
   443  0615                     	;# 
   444  0616                     	;# 
   445  0616                     	;# 
   446  0617                     	;# 
   447  0618                     	;# 
   448  0619                     	;# 
   449  0619                     	;# 
   450  061A                     	;# 
   451  061B                     	;# 
   452  061C                     	;# 
   453  061C                     	;# 
   454  0691                     	;# 
   455  0692                     	;# 
   456  0693                     	;# 
   457  0694                     	;# 
   458  0695                     	;# 
   459  0F0F                     	;# 
   460  0F10                     	;# 
   461  0F11                     	;# 
   462  0F12                     	;# 
   463  0F13                     	;# 
   464  0F14                     	;# 
   465  0F15                     	;# 
   466  0F16                     	;# 
   467  0F17                     	;# 
   468  0F18                     	;# 
   469  0F19                     	;# 
   470  0F1A                     	;# 
   471  0F1B                     	;# 
   472  0F1C                     	;# 
   473  0F1D                     	;# 
   474  0F1E                     	;# 
   475  0F1F                     	;# 
   476  0FE3                     	;# 
   477  0FE4                     	;# 
   478  0FE5                     	;# 
   479  0FE6                     	;# 
   480  0FE7                     	;# 
   481  0FE8                     	;# 
   482  0FE9                     	;# 
   483  0FEA                     	;# 
   484  0FEB                     	;# 
   485  0FED                     	;# 
   486  0FEE                     	;# 
   487  0FEF                     	;# 
   488  0000                     	;# 
   489  0001                     	;# 
   490  0002                     	;# 
   491  0003                     	;# 
   492  0004                     	;# 
   493  0005                     	;# 
   494  0006                     	;# 
   495  0007                     	;# 
   496  0008                     	;# 
   497  0009                     	;# 
   498  000A                     	;# 
   499  000B                     	;# 
   500  000C                     	;# 
   501  000E                     	;# 
   502  0011                     	;# 
   503  0012                     	;# 
   504  0013                     	;# 
   505  0015                     	;# 
   506  0016                     	;# 
   507  0016                     	;# 
   508  0017                     	;# 
   509  0018                     	;# 
   510  0019                     	;# 
   511  001A                     	;# 
   512  001B                     	;# 
   513  001C                     	;# 
   514  008C                     	;# 
   515  008E                     	;# 
   516  0091                     	;# 
   517  0092                     	;# 
   518  0093                     	;# 
   519  0095                     	;# 
   520  0096                     	;# 
   521  0097                     	;# 
   522  0099                     	;# 
   523  009A                     	;# 
   524  009B                     	;# 
   525  009B                     	;# 
   526  009C                     	;# 
   527  009D                     	;# 
   528  009E                     	;# 
   529  009F                     	;# 
   530  010C                     	;# 
   531  010E                     	;# 
   532  0111                     	;# 
   533  0112                     	;# 
   534  0113                     	;# 
   535  0114                     	;# 
   536  0115                     	;# 
   537  0116                     	;# 
   538  0117                     	;# 
   539  0118                     	;# 
   540  0119                     	;# 
   541  011D                     	;# 
   542  018C                     	;# 
   543  018E                     	;# 
   544  0191                     	;# 
   545  0191                     	;# 
   546  0192                     	;# 
   547  0193                     	;# 
   548  0193                     	;# 
   549  0194                     	;# 
   550  0195                     	;# 
   551  0196                     	;# 
   552  0197                     	;# 
   553  020C                     	;# 
   554  0211                     	;# 
   555  0211                     	;# 
   556  0212                     	;# 
   557  0212                     	;# 
   558  0213                     	;# 
   559  0213                     	;# 
   560  0214                     	;# 
   561  0214                     	;# 
   562  0215                     	;# 
   563  0215                     	;# 
   564  0215                     	;# 
   565  0216                     	;# 
   566  0216                     	;# 
   567  0217                     	;# 
   568  0217                     	;# 
   569  0391                     	;# 
   570  0392                     	;# 
   571  0393                     	;# 
   572  0498                     	;# 
   573  0498                     	;# 
   574  0499                     	;# 
   575  049A                     	;# 
   576  049B                     	;# 
   577  049B                     	;# 
   578  049C                     	;# 
   579  049D                     	;# 
   580  049E                     	;# 
   581  049F                     	;# 
   582  0611                     	;# 
   583  0612                     	;# 
   584  0613                     	;# 
   585  0613                     	;# 
   586  0614                     	;# 
   587  0615                     	;# 
   588  0616                     	;# 
   589  0616                     	;# 
   590  0617                     	;# 
   591  0618                     	;# 
   592  0619                     	;# 
   593  0619                     	;# 
   594  061A                     	;# 
   595  061B                     	;# 
   596  061C                     	;# 
   597  061C                     	;# 
   598  0691                     	;# 
   599  0692                     	;# 
   600  0693                     	;# 
   601  0694                     	;# 
   602  0695                     	;# 
   603  0F0F                     	;# 
   604  0F10                     	;# 
   605  0F11                     	;# 
   606  0F12                     	;# 
   607  0F13                     	;# 
   608  0F14                     	;# 
   609  0F15                     	;# 
   610  0F16                     	;# 
   611  0F17                     	;# 
   612  0F18                     	;# 
   613  0F19                     	;# 
   614  0F1A                     	;# 
   615  0F1B                     	;# 
   616  0F1C                     	;# 
   617  0F1D                     	;# 
   618  0F1E                     	;# 
   619  0F1F                     	;# 
   620  0FE3                     	;# 
   621  0FE4                     	;# 
   622  0FE5                     	;# 
   623  0FE6                     	;# 
   624  0FE7                     	;# 
   625  0FE8                     	;# 
   626  0FE9                     	;# 
   627  0FEA                     	;# 
   628  0FEB                     	;# 
   629  0FED                     	;# 
   630  0FEE                     	;# 
   631  0FEF                     	;# 
   632  0000                     	;# 
   633  0001                     	;# 
   634  0002                     	;# 
   635  0003                     	;# 
   636  0004                     	;# 
   637  0005                     	;# 
   638  0006                     	;# 
   639  0007                     	;# 
   640  0008                     	;# 
   641  0009                     	;# 
   642  000A                     	;# 
   643  000B                     	;# 
   644  000C                     	;# 
   645  000E                     	;# 
   646  0011                     	;# 
   647  0012                     	;# 
   648  0013                     	;# 
   649  0015                     	;# 
   650  0016                     	;# 
   651  0016                     	;# 
   652  0017                     	;# 
   653  0018                     	;# 
   654  0019                     	;# 
   655  001A                     	;# 
   656  001B                     	;# 
   657  001C                     	;# 
   658  008C                     	;# 
   659  008E                     	;# 
   660  0091                     	;# 
   661  0092                     	;# 
   662  0093                     	;# 
   663  0095                     	;# 
   664  0096                     	;# 
   665  0097                     	;# 
   666  0099                     	;# 
   667  009A                     	;# 
   668  009B                     	;# 
   669  009B                     	;# 
   670  009C                     	;# 
   671  009D                     	;# 
   672  009E                     	;# 
   673  009F                     	;# 
   674  010C                     	;# 
   675  010E                     	;# 
   676  0111                     	;# 
   677  0112                     	;# 
   678  0113                     	;# 
   679  0114                     	;# 
   680  0115                     	;# 
   681  0116                     	;# 
   682  0117                     	;# 
   683  0118                     	;# 
   684  0119                     	;# 
   685  011D                     	;# 
   686  018C                     	;# 
   687  018E                     	;# 
   688  0191                     	;# 
   689  0191                     	;# 
   690  0192                     	;# 
   691  0193                     	;# 
   692  0193                     	;# 
   693  0194                     	;# 
   694  0195                     	;# 
   695  0196                     	;# 
   696  0197                     	;# 
   697  020C                     	;# 
   698  0211                     	;# 
   699  0211                     	;# 
   700  0212                     	;# 
   701  0212                     	;# 
   702  0213                     	;# 
   703  0213                     	;# 
   704  0214                     	;# 
   705  0214                     	;# 
   706  0215                     	;# 
   707  0215                     	;# 
   708  0215                     	;# 
   709  0216                     	;# 
   710  0216                     	;# 
   711  0217                     	;# 
   712  0217                     	;# 
   713  0391                     	;# 
   714  0392                     	;# 
   715  0393                     	;# 
   716  0498                     	;# 
   717  0498                     	;# 
   718  0499                     	;# 
   719  049A                     	;# 
   720  049B                     	;# 
   721  049B                     	;# 
   722  049C                     	;# 
   723  049D                     	;# 
   724  049E                     	;# 
   725  049F                     	;# 
   726  0611                     	;# 
   727  0612                     	;# 
   728  0613                     	;# 
   729  0613                     	;# 
   730  0614                     	;# 
   731  0615                     	;# 
   732  0616                     	;# 
   733  0616                     	;# 
   734  0617                     	;# 
   735  0618                     	;# 
   736  0619                     	;# 
   737  0619                     	;# 
   738  061A                     	;# 
   739  061B                     	;# 
   740  061C                     	;# 
   741  061C                     	;# 
   742  0691                     	;# 
   743  0692                     	;# 
   744  0693                     	;# 
   745  0694                     	;# 
   746  0695                     	;# 
   747  0F0F                     	;# 
   748  0F10                     	;# 
   749  0F11                     	;# 
   750  0F12                     	;# 
   751  0F13                     	;# 
   752  0F14                     	;# 
   753  0F15                     	;# 
   754  0F16                     	;# 
   755  0F17                     	;# 
   756  0F18                     	;# 
   757  0F19                     	;# 
   758  0F1A                     	;# 
   759  0F1B                     	;# 
   760  0F1C                     	;# 
   761  0F1D                     	;# 
   762  0F1E                     	;# 
   763  0F1F                     	;# 
   764  0FE3                     	;# 
   765  0FE4                     	;# 
   766  0FE5                     	;# 
   767  0FE6                     	;# 
   768  0FE7                     	;# 
   769  0FE8                     	;# 
   770  0FE9                     	;# 
   771  0FEA                     	;# 
   772  0FEB                     	;# 
   773  0FED                     	;# 
   774  0FEE                     	;# 
   775  0FEF                     	;# 
   776  0000                     	;# 
   777  0001                     	;# 
   778  0002                     	;# 
   779  0003                     	;# 
   780  0004                     	;# 
   781  0005                     	;# 
   782  0006                     	;# 
   783  0007                     	;# 
   784  0008                     	;# 
   785  0009                     	;# 
   786  000A                     	;# 
   787  000B                     	;# 
   788  000C                     	;# 
   789  000E                     	;# 
   790  0011                     	;# 
   791  0012                     	;# 
   792  0013                     	;# 
   793  0015                     	;# 
   794  0016                     	;# 
   795  0016                     	;# 
   796  0017                     	;# 
   797  0018                     	;# 
   798  0019                     	;# 
   799  001A                     	;# 
   800  001B                     	;# 
   801  001C                     	;# 
   802  008C                     	;# 
   803  008E                     	;# 
   804  0091                     	;# 
   805  0092                     	;# 
   806  0093                     	;# 
   807  0095                     	;# 
   808  0096                     	;# 
   809  0097                     	;# 
   810  0099                     	;# 
   811  009A                     	;# 
   812  009B                     	;# 
   813  009B                     	;# 
   814  009C                     	;# 
   815  009D                     	;# 
   816  009E                     	;# 
   817  009F                     	;# 
   818  010C                     	;# 
   819  010E                     	;# 
   820  0111                     	;# 
   821  0112                     	;# 
   822  0113                     	;# 
   823  0114                     	;# 
   824  0115                     	;# 
   825  0116                     	;# 
   826  0117                     	;# 
   827  0118                     	;# 
   828  0119                     	;# 
   829  011D                     	;# 
   830  018C                     	;# 
   831  018E                     	;# 
   832  0191                     	;# 
   833  0191                     	;# 
   834  0192                     	;# 
   835  0193                     	;# 
   836  0193                     	;# 
   837  0194                     	;# 
   838  0195                     	;# 
   839  0196                     	;# 
   840  0197                     	;# 
   841  020C                     	;# 
   842  0211                     	;# 
   843  0211                     	;# 
   844  0212                     	;# 
   845  0212                     	;# 
   846  0213                     	;# 
   847  0213                     	;# 
   848  0214                     	;# 
   849  0214                     	;# 
   850  0215                     	;# 
   851  0215                     	;# 
   852  0215                     	;# 
   853  0216                     	;# 
   854  0216                     	;# 
   855  0217                     	;# 
   856  0217                     	;# 
   857  0391                     	;# 
   858  0392                     	;# 
   859  0393                     	;# 
   860  0498                     	;# 
   861  0498                     	;# 
   862  0499                     	;# 
   863  049A                     	;# 
   864  049B                     	;# 
   865  049B                     	;# 
   866  049C                     	;# 
   867  049D                     	;# 
   868  049E                     	;# 
   869  049F                     	;# 
   870  0611                     	;# 
   871  0612                     	;# 
   872  0613                     	;# 
   873  0613                     	;# 
   874  0614                     	;# 
   875  0615                     	;# 
   876  0616                     	;# 
   877  0616                     	;# 
   878  0617                     	;# 
   879  0618                     	;# 
   880  0619                     	;# 
   881  0619                     	;# 
   882  061A                     	;# 
   883  061B                     	;# 
   884  061C                     	;# 
   885  061C                     	;# 
   886  0691                     	;# 
   887  0692                     	;# 
   888  0693                     	;# 
   889  0694                     	;# 
   890  0695                     	;# 
   891  0F0F                     	;# 
   892  0F10                     	;# 
   893  0F11                     	;# 
   894  0F12                     	;# 
   895  0F13                     	;# 
   896  0F14                     	;# 
   897  0F15                     	;# 
   898  0F16                     	;# 
   899  0F17                     	;# 
   900  0F18                     	;# 
   901  0F19                     	;# 
   902  0F1A                     	;# 
   903  0F1B                     	;# 
   904  0F1C                     	;# 
   905  0F1D                     	;# 
   906  0F1E                     	;# 
   907  0F1F                     	;# 
   908  0FE3                     	;# 
   909  0FE4                     	;# 
   910  0FE5                     	;# 
   911  0FE6                     	;# 
   912  0FE7                     	;# 
   913  0FE8                     	;# 
   914  0FE9                     	;# 
   915  0FEA                     	;# 
   916  0FEB                     	;# 
   917  0FED                     	;# 
   918  0FEE                     	;# 
   919  0FEF                     	;# 
   920                           
   921                           	psect	nvCOMMON
   922  0070                     __pnvCOMMON:	
   923  0070                     _TMR2_InterruptHandler:	
   924  0070                     	ds	2
   925  000B                     _INTCONbits	set	11
   926  001C                     _T2CONbits	set	28
   927  001C                     _T2CON	set	28
   928  0011                     _PIR1bits	set	17
   929  001A                     _TMR2	set	26
   930  001B                     _PR2	set	27
   931  0091                     _PIE1bits	set	145
   932  0095                     _OPTION_REGbits	set	149
   933  008E                     _TRISC	set	142
   934  008C                     _TRISA	set	140
   935  0097                     _WDTCON	set	151
   936  0099                     _OSCCON	set	153
   937  011D                     _APFCON	set	285
   938  010E                     _LATC	set	270
   939  010C                     _LATA	set	268
   940  0116                     _BORCON	set	278
   941  018C                     _ANSELA	set	396
   942  018E                     _ANSELC	set	398
   943  020C                     _WPUA	set	524
   944  0611                     _PWM1DCL	set	1553
   945  0612                     _PWM1DCH	set	1554
   946  0613                     _PWM1CON	set	1555
   947                           
   948                           ; #config settings
   949  0000                     
   950                           	psect	cinit
   951  0012                     start_initialization:	
   952  0012                     __initialization:	
   953                           
   954                           ; Clear objects allocated to COMMON
   955  0012  01F2               	clrf	__pbssCOMMON& (0+127)
   956  0013  01F3               	clrf	(__pbssCOMMON+1)& (0+127)
   957  0014                     end_of_initialization:	
   958                           ;End of C runtime variable initialization code
   959                           
   960  0014                     __end_of__initialization:	
   961  0014  107E               	bcf	int$flags,0	;clear compiler interrupt flag (level 1)
   962  0015  0020               	movlb	0
   963  0016  2873               	ljmp	_main	;jump to C main() function
   964                           
   965                           	psect	bssCOMMON
   966  0072                     __pbssCOMMON:	
   967  0072                     TMR2_ISR@CountCallBack:	
   968  0072                     	ds	2
   969                           
   970                           	psect	cstackCOMMON
   971  0074                     __pcstackCOMMON:	
   972  0074                     ?_PIN_MANAGER_Initialize:	
   973  0074                     ??_PIN_MANAGER_Initialize:	
   974                           ; 1 bytes @ 0x0
   975                           
   976  0074                     ?_OSCILLATOR_Initialize:	
   977                           ; 1 bytes @ 0x0
   978                           
   979  0074                     ??_OSCILLATOR_Initialize:	
   980                           ; 1 bytes @ 0x0
   981                           
   982  0074                     ?_WDT_Initialize:	
   983                           ; 1 bytes @ 0x0
   984                           
   985  0074                     ??_WDT_Initialize:	
   986                           ; 1 bytes @ 0x0
   987                           
   988  0074                     ?_PWM1_Initialize:	
   989                           ; 1 bytes @ 0x0
   990                           
   991  0074                     ??_PWM1_Initialize:	
   992                           ; 1 bytes @ 0x0
   993                           
   994  0074                     ?_TMR2_Initialize:	
   995                           ; 1 bytes @ 0x0
   996                           
   997  0074                     ?_TMR2_SetInterruptHandler:	
   998                           ; 1 bytes @ 0x0
   999                           
  1000  0074                     ?_TMR2_DefaultInterruptHandler:	
  1001                           ; 1 bytes @ 0x0
  1002                           
  1003  0074                     ??_TMR2_DefaultInterruptHandler:	
  1004                           ; 1 bytes @ 0x0
  1005                           
  1006  0074                     ?_TMR2_CallBack:	
  1007                           ; 1 bytes @ 0x0
  1008                           
  1009  0074                     ??_TMR2_CallBack:	
  1010                           ; 1 bytes @ 0x0
  1011                           
  1012  0074                     ?_SYSTEM_Initialize:	
  1013                           ; 1 bytes @ 0x0
  1014                           
  1015  0074                     ?_main:	
  1016                           ; 1 bytes @ 0x0
  1017                           
  1018  0074                     ?_TMR2_ISR:	
  1019                           ; 1 bytes @ 0x0
  1020                           
  1021  0074                     ??_TMR2_ISR:	
  1022                           ; 1 bytes @ 0x0
  1023                           
  1024  0074                     ?_INTERRUPT_InterruptManager:	
  1025                           ; 1 bytes @ 0x0
  1026                           
  1027  0074                     ??_INTERRUPT_InterruptManager:	
  1028                           ; 1 bytes @ 0x0
  1029                           
  1030  0074                     TMR2_SetInterruptHandler@InterruptHandler:	
  1031                           ; 1 bytes @ 0x0
  1032                           
  1033                           
  1034                           ; 2 bytes @ 0x0
  1035  0074                     	ds	2
  1036  0076                     ??_TMR2_Initialize:	
  1037  0076                     ??_TMR2_SetInterruptHandler:	
  1038                           ; 1 bytes @ 0x2
  1039                           
  1040  0076                     ??_SYSTEM_Initialize:	
  1041                           ; 1 bytes @ 0x2
  1042                           
  1043  0076                     ??_main:	
  1044                           ; 1 bytes @ 0x2
  1045                           
  1046                           
  1047                           	psect	maintext
  1048  0073                     __pmaintext:	
  1049                           ; 1 bytes @ 0x2
  1050 ;;
  1051 ;;Main: autosize = 0, tempsize = 0, incstack = 0, save=0
  1052 ;;
  1053 ;; *************** function _main *****************
  1054 ;; Defined at:
  1055 ;;		line 49 in file "main.c"
  1056 ;; Parameters:    Size  Location     Type
  1057 ;;		None
  1058 ;; Auto vars:     Size  Location     Type
  1059 ;;		None
  1060 ;; Return value:  Size  Location     Type
  1061 ;;                  1    wreg      void 
  1062 ;; Registers used:
  1063 ;;		wreg, status,2, status,0, pclath, cstack
  1064 ;; Tracked objects:
  1065 ;;		On entry : B1F/0
  1066 ;;		On exit  : 0/0
  1067 ;;		Unchanged: 0/0
  1068 ;; Data sizes:     COMMON   BANK0   BANK1
  1069 ;;      Params:         0       0       0
  1070 ;;      Locals:         0       0       0
  1071 ;;      Temps:          0       0       0
  1072 ;;      Totals:         0       0       0
  1073 ;;Total ram usage:        0 bytes
  1074 ;; Hardware stack levels required when called:    7
  1075 ;; This function calls:
  1076 ;;		_SYSTEM_Initialize
  1077 ;; This function is called by:
  1078 ;;		Startup code after reset
  1079 ;; This function uses a non-reentrant model
  1080 ;;
  1081                           
  1082                           
  1083                           ;psect for function _main
  1084  0073                     _main:	
  1085                           
  1086                           ;main.c: 52: SYSTEM_Initialize();
  1087                           
  1088                           ;incstack = 0
  1089                           ; Regs used in _main: [wreg+status,2+status,0+pclath+cstack]
  1090  0073  205E               	fcall	_SYSTEM_Initialize
  1091  0074                     l32:	
  1092                           ;main.c: 69: while (1)
  1093                           
  1094                           
  1095                           ;main.c: 70: {
  1096  0074  2874               	goto	l32
  1097  0075                     __end_of_main:	
  1098                           
  1099                           	psect	text1
  1100  005E                     __ptext1:	
  1101 ;; *************** function _SYSTEM_Initialize *****************
  1102 ;; Defined at:
  1103 ;;		line 50 in file "mcc_generated_files/mcc.c"
  1104 ;; Parameters:    Size  Location     Type
  1105 ;;		None
  1106 ;; Auto vars:     Size  Location     Type
  1107 ;;		None
  1108 ;; Return value:  Size  Location     Type
  1109 ;;                  1    wreg      void 
  1110 ;; Registers used:
  1111 ;;		wreg, status,2, status,0, pclath, cstack
  1112 ;; Tracked objects:
  1113 ;;		On entry : 0/0
  1114 ;;		On exit  : 0/0
  1115 ;;		Unchanged: 0/0
  1116 ;; Data sizes:     COMMON   BANK0   BANK1
  1117 ;;      Params:         0       0       0
  1118 ;;      Locals:         0       0       0
  1119 ;;      Temps:          0       0       0
  1120 ;;      Totals:         0       0       0
  1121 ;;Total ram usage:        0 bytes
  1122 ;; Hardware stack levels used:    1
  1123 ;; Hardware stack levels required when called:    6
  1124 ;; This function calls:
  1125 ;;		_OSCILLATOR_Initialize
  1126 ;;		_PIN_MANAGER_Initialize
  1127 ;;		_PWM1_Initialize
  1128 ;;		_TMR2_Initialize
  1129 ;;		_WDT_Initialize
  1130 ;; This function is called by:
  1131 ;;		_main
  1132 ;; This function uses a non-reentrant model
  1133 ;;
  1134                           
  1135                           
  1136                           ;psect for function _SYSTEM_Initialize
  1137  005E                     _SYSTEM_Initialize:	
  1138                           
  1139                           ;mcc.c: 53: PIN_MANAGER_Initialize();
  1140                           
  1141                           ;incstack = 0
  1142                           ; Regs used in _SYSTEM_Initialize: [wreg+status,2+status,0+pclath+cstack]
  1143  005E  2017               	fcall	_PIN_MANAGER_Initialize
  1144                           
  1145                           ;mcc.c: 54: OSCILLATOR_Initialize();
  1146  005F  2064               	fcall	_OSCILLATOR_Initialize
  1147                           
  1148                           ;mcc.c: 55: WDT_Initialize();
  1149  0060  206F               	fcall	_WDT_Initialize
  1150                           
  1151                           ;mcc.c: 56: PWM1_Initialize();
  1152  0061  2056               	fcall	_PWM1_Initialize
  1153                           
  1154                           ;mcc.c: 57: TMR2_Initialize();
  1155  0062  203C               	fcall	_TMR2_Initialize
  1156  0063  0008               	return
  1157  0064                     __end_of_SYSTEM_Initialize:	
  1158                           
  1159                           	psect	text2
  1160  006F                     __ptext2:	
  1161 ;; *************** function _WDT_Initialize *****************
  1162 ;; Defined at:
  1163 ;;		line 68 in file "mcc_generated_files/mcc.c"
  1164 ;; Parameters:    Size  Location     Type
  1165 ;;		None
  1166 ;; Auto vars:     Size  Location     Type
  1167 ;;		None
  1168 ;; Return value:  Size  Location     Type
  1169 ;;                  1    wreg      void 
  1170 ;; Registers used:
  1171 ;;		wreg
  1172 ;; Tracked objects:
  1173 ;;		On entry : 0/0
  1174 ;;		On exit  : 0/0
  1175 ;;		Unchanged: 0/0
  1176 ;; Data sizes:     COMMON   BANK0   BANK1
  1177 ;;      Params:         0       0       0
  1178 ;;      Locals:         0       0       0
  1179 ;;      Temps:          0       0       0
  1180 ;;      Totals:         0       0       0
  1181 ;;Total ram usage:        0 bytes
  1182 ;; Hardware stack levels used:    1
  1183 ;; Hardware stack levels required when called:    4
  1184 ;; This function calls:
  1185 ;;		Nothing
  1186 ;; This function is called by:
  1187 ;;		_SYSTEM_Initialize
  1188 ;; This function uses a non-reentrant model
  1189 ;;
  1190                           
  1191                           
  1192                           ;psect for function _WDT_Initialize
  1193  006F                     _WDT_Initialize:	
  1194                           
  1195                           ;mcc.c: 71: WDTCON = 0x16;
  1196                           
  1197                           ;incstack = 0
  1198                           ; Regs used in _WDT_Initialize: [wreg]
  1199  006F  3016               	movlw	22
  1200  0070  0021               	movlb	1	; select bank1
  1201  0071  0097               	movwf	23	;volatile
  1202  0072  0008               	return
  1203  0073                     __end_of_WDT_Initialize:	
  1204                           
  1205                           	psect	text3
  1206  003C                     __ptext3:	
  1207 ;; *************** function _TMR2_Initialize *****************
  1208 ;; Defined at:
  1209 ;;		line 64 in file "mcc_generated_files/tmr2.c"
  1210 ;; Parameters:    Size  Location     Type
  1211 ;;		None
  1212 ;; Auto vars:     Size  Location     Type
  1213 ;;		None
  1214 ;; Return value:  Size  Location     Type
  1215 ;;                  1    wreg      void 
  1216 ;; Registers used:
  1217 ;;		wreg, status,2, status,0, pclath, cstack
  1218 ;; Tracked objects:
  1219 ;;		On entry : 0/0
  1220 ;;		On exit  : 0/0
  1221 ;;		Unchanged: 0/0
  1222 ;; Data sizes:     COMMON   BANK0   BANK1
  1223 ;;      Params:         0       0       0
  1224 ;;      Locals:         0       0       0
  1225 ;;      Temps:          0       0       0
  1226 ;;      Totals:         0       0       0
  1227 ;;Total ram usage:        0 bytes
  1228 ;; Hardware stack levels used:    1
  1229 ;; Hardware stack levels required when called:    5
  1230 ;; This function calls:
  1231 ;;		_TMR2_SetInterruptHandler
  1232 ;; This function is called by:
  1233 ;;		_SYSTEM_Initialize
  1234 ;; This function uses a non-reentrant model
  1235 ;;
  1236                           
  1237                           
  1238                           ;psect for function _TMR2_Initialize
  1239  003C                     _TMR2_Initialize:	
  1240                           
  1241                           ;tmr2.c: 69: PR2 = 0x1F;
  1242                           
  1243                           ;incstack = 0
  1244                           ; Regs used in _TMR2_Initialize: [wreg+status,2+status,0+pclath+cstack]
  1245  003C  301F               	movlw	31
  1246  003D  0020               	movlb	0	; select bank0
  1247  003E  009B               	movwf	27	;volatile
  1248                           
  1249                           ;tmr2.c: 72: TMR2 = 0x00;
  1250  003F  019A               	clrf	26	;volatile
  1251                           
  1252                           ;tmr2.c: 75: PIR1bits.TMR2IF = 0;
  1253  0040  1091               	bcf	17,1	;volatile
  1254                           
  1255                           ;tmr2.c: 78: PIE1bits.TMR2IE = 1;
  1256  0041  0021               	movlb	1	; select bank1
  1257  0042  1491               	bsf	17,1	;volatile
  1258                           
  1259                           ;tmr2.c: 81: TMR2_SetInterruptHandler(TMR2_DefaultInterruptHandler);
  1260  0043  3075               	movlw	low _TMR2_DefaultInterruptHandler
  1261  0044  00F4               	movwf	TMR2_SetInterruptHandler@InterruptHandler
  1262  0045  3000               	movlw	high _TMR2_DefaultInterruptHandler
  1263  0046  00F5               	movwf	TMR2_SetInterruptHandler@InterruptHandler+1
  1264  0047  206A               	fcall	_TMR2_SetInterruptHandler
  1265                           
  1266                           ;tmr2.c: 84: T2CON = 0x0D;
  1267  0048  300D               	movlw	13
  1268  0049  0020               	movlb	0	; select bank0
  1269  004A  009C               	movwf	28	;volatile
  1270  004B  0008               	return
  1271  004C                     __end_of_TMR2_Initialize:	
  1272                           
  1273                           	psect	text4
  1274  006A                     __ptext4:	
  1275 ;; *************** function _TMR2_SetInterruptHandler *****************
  1276 ;; Defined at:
  1277 ;;		line 147 in file "mcc_generated_files/tmr2.c"
  1278 ;; Parameters:    Size  Location     Type
  1279 ;;  InterruptHan    2    0[COMMON] PTR FTN()void 
  1280 ;;		 -> TMR2_DefaultInterruptHandler(1), 
  1281 ;; Auto vars:     Size  Location     Type
  1282 ;;		None
  1283 ;; Return value:  Size  Location     Type
  1284 ;;                  1    wreg      void 
  1285 ;; Registers used:
  1286 ;;		wreg
  1287 ;; Tracked objects:
  1288 ;;		On entry : 0/0
  1289 ;;		On exit  : 0/0
  1290 ;;		Unchanged: 0/0
  1291 ;; Data sizes:     COMMON   BANK0   BANK1
  1292 ;;      Params:         2       0       0
  1293 ;;      Locals:         0       0       0
  1294 ;;      Temps:          0       0       0
  1295 ;;      Totals:         2       0       0
  1296 ;;Total ram usage:        2 bytes
  1297 ;; Hardware stack levels used:    1
  1298 ;; Hardware stack levels required when called:    4
  1299 ;; This function calls:
  1300 ;;		Nothing
  1301 ;; This function is called by:
  1302 ;;		_TMR2_Initialize
  1303 ;; This function uses a non-reentrant model
  1304 ;;
  1305                           
  1306                           
  1307                           ;psect for function _TMR2_SetInterruptHandler
  1308  006A                     _TMR2_SetInterruptHandler:	
  1309                           
  1310                           ;tmr2.c: 148: TMR2_InterruptHandler = InterruptHandler;
  1311                           
  1312                           ;incstack = 0
  1313                           ; Regs used in _TMR2_SetInterruptHandler: [wreg]
  1314  006A  0875               	movf	TMR2_SetInterruptHandler@InterruptHandler+1,w
  1315  006B  00F1               	movwf	_TMR2_InterruptHandler+1
  1316  006C  0874               	movf	TMR2_SetInterruptHandler@InterruptHandler,w
  1317  006D  00F0               	movwf	_TMR2_InterruptHandler
  1318  006E  0008               	return
  1319  006F                     __end_of_TMR2_SetInterruptHandler:	
  1320                           
  1321                           	psect	text5
  1322  0056                     __ptext5:	
  1323 ;; *************** function _PWM1_Initialize *****************
  1324 ;; Defined at:
  1325 ;;		line 58 in file "mcc_generated_files/pwm1.c"
  1326 ;; Parameters:    Size  Location     Type
  1327 ;;		None
  1328 ;; Auto vars:     Size  Location     Type
  1329 ;;		None
  1330 ;; Return value:  Size  Location     Type
  1331 ;;                  1    wreg      void 
  1332 ;; Registers used:
  1333 ;;		wreg
  1334 ;; Tracked objects:
  1335 ;;		On entry : 0/0
  1336 ;;		On exit  : 0/0
  1337 ;;		Unchanged: 0/0
  1338 ;; Data sizes:     COMMON   BANK0   BANK1
  1339 ;;      Params:         0       0       0
  1340 ;;      Locals:         0       0       0
  1341 ;;      Temps:          0       0       0
  1342 ;;      Totals:         0       0       0
  1343 ;;Total ram usage:        0 bytes
  1344 ;; Hardware stack levels used:    1
  1345 ;; Hardware stack levels required when called:    4
  1346 ;; This function calls:
  1347 ;;		Nothing
  1348 ;; This function is called by:
  1349 ;;		_SYSTEM_Initialize
  1350 ;; This function uses a non-reentrant model
  1351 ;;
  1352                           
  1353                           
  1354                           ;psect for function _PWM1_Initialize
  1355  0056                     _PWM1_Initialize:	
  1356                           
  1357                           ;pwm1.c: 62: PWM1CON = 0xC0;
  1358                           
  1359                           ;incstack = 0
  1360                           ; Regs used in _PWM1_Initialize: [wreg]
  1361  0056  30C0               	movlw	192
  1362  0057  002C               	movlb	12	; select bank12
  1363  0058  0093               	movwf	19	;volatile
  1364                           
  1365                           ;pwm1.c: 65: PWM1DCH = 0x0F;
  1366  0059  300F               	movlw	15
  1367  005A  0092               	movwf	18	;volatile
  1368                           
  1369                           ;pwm1.c: 68: PWM1DCL = 0xC0;
  1370  005B  30C0               	movlw	192
  1371  005C  0091               	movwf	17	;volatile
  1372  005D  0008               	return
  1373  005E                     __end_of_PWM1_Initialize:	
  1374                           
  1375                           	psect	text6
  1376  0017                     __ptext6:	
  1377 ;; *************** function _PIN_MANAGER_Initialize *****************
  1378 ;; Defined at:
  1379 ;;		line 57 in file "mcc_generated_files/pin_manager.c"
  1380 ;; Parameters:    Size  Location     Type
  1381 ;;		None
  1382 ;; Auto vars:     Size  Location     Type
  1383 ;;		None
  1384 ;; Return value:  Size  Location     Type
  1385 ;;                  1    wreg      void 
  1386 ;; Registers used:
  1387 ;;		wreg, status,2
  1388 ;; Tracked objects:
  1389 ;;		On entry : 0/0
  1390 ;;		On exit  : 0/0
  1391 ;;		Unchanged: 0/0
  1392 ;; Data sizes:     COMMON   BANK0   BANK1
  1393 ;;      Params:         0       0       0
  1394 ;;      Locals:         0       0       0
  1395 ;;      Temps:          0       0       0
  1396 ;;      Totals:         0       0       0
  1397 ;;Total ram usage:        0 bytes
  1398 ;; Hardware stack levels used:    1
  1399 ;; Hardware stack levels required when called:    4
  1400 ;; This function calls:
  1401 ;;		Nothing
  1402 ;; This function is called by:
  1403 ;;		_SYSTEM_Initialize
  1404 ;; This function uses a non-reentrant model
  1405 ;;
  1406                           
  1407                           
  1408                           ;psect for function _PIN_MANAGER_Initialize
  1409  0017                     _PIN_MANAGER_Initialize:	
  1410                           
  1411                           ;pin_manager.c: 62: LATA = 0x00;
  1412                           
  1413                           ;incstack = 0
  1414                           ; Regs used in _PIN_MANAGER_Initialize: [wreg+status,2]
  1415  0017  0022               	movlb	2	; select bank2
  1416  0018  018C               	clrf	12	;volatile
  1417                           
  1418                           ;pin_manager.c: 63: LATC = 0x00;
  1419  0019  018E               	clrf	14	;volatile
  1420                           
  1421                           ;pin_manager.c: 68: TRISA = 0x3F;
  1422  001A  303F               	movlw	63
  1423  001B  0021               	movlb	1	; select bank1
  1424  001C  008C               	movwf	12	;volatile
  1425                           
  1426                           ;pin_manager.c: 69: TRISC = 0x1D;
  1427  001D  301D               	movlw	29
  1428  001E  008E               	movwf	14	;volatile
  1429                           
  1430                           ;pin_manager.c: 74: ANSELC = 0x09;
  1431  001F  3009               	movlw	9
  1432  0020  0023               	movlb	3	; select bank3
  1433  0021  008E               	movwf	14	;volatile
  1434                           
  1435                           ;pin_manager.c: 75: ANSELA = 0x17;
  1436  0022  3017               	movlw	23
  1437  0023  008C               	movwf	12	;volatile
  1438                           
  1439                           ;pin_manager.c: 80: WPUA = 0x00;
  1440  0024  0024               	movlb	4	; select bank4
  1441  0025  018C               	clrf	12	;volatile
  1442                           
  1443                           ;pin_manager.c: 81: OPTION_REGbits.nWPUEN = 1;
  1444  0026  0021               	movlb	1	; select bank1
  1445  0027  1795               	bsf	21,7	;volatile
  1446                           
  1447                           ;pin_manager.c: 90: APFCON = 0x00;
  1448  0028  0022               	movlb	2	; select bank2
  1449  0029  019D               	clrf	29	;volatile
  1450  002A  0008               	return
  1451  002B                     __end_of_PIN_MANAGER_Initialize:	
  1452                           
  1453                           	psect	text7
  1454  0064                     __ptext7:	
  1455 ;; *************** function _OSCILLATOR_Initialize *****************
  1456 ;; Defined at:
  1457 ;;		line 60 in file "mcc_generated_files/mcc.c"
  1458 ;; Parameters:    Size  Location     Type
  1459 ;;		None
  1460 ;; Auto vars:     Size  Location     Type
  1461 ;;		None
  1462 ;; Return value:  Size  Location     Type
  1463 ;;                  1    wreg      void 
  1464 ;; Registers used:
  1465 ;;		wreg, status,2
  1466 ;; Tracked objects:
  1467 ;;		On entry : 0/0
  1468 ;;		On exit  : 0/0
  1469 ;;		Unchanged: 0/0
  1470 ;; Data sizes:     COMMON   BANK0   BANK1
  1471 ;;      Params:         0       0       0
  1472 ;;      Locals:         0       0       0
  1473 ;;      Temps:          0       0       0
  1474 ;;      Totals:         0       0       0
  1475 ;;Total ram usage:        0 bytes
  1476 ;; Hardware stack levels used:    1
  1477 ;; Hardware stack levels required when called:    4
  1478 ;; This function calls:
  1479 ;;		Nothing
  1480 ;; This function is called by:
  1481 ;;		_SYSTEM_Initialize
  1482 ;; This function uses a non-reentrant model
  1483 ;;
  1484                           
  1485                           
  1486                           ;psect for function _OSCILLATOR_Initialize
  1487  0064                     _OSCILLATOR_Initialize:	
  1488                           
  1489                           ;mcc.c: 63: OSCCON = 0x7A;
  1490                           
  1491                           ;incstack = 0
  1492                           ; Regs used in _OSCILLATOR_Initialize: [wreg+status,2]
  1493  0064  307A               	movlw	122
  1494  0065  0021               	movlb	1	; select bank1
  1495  0066  0099               	movwf	25	;volatile
  1496                           
  1497                           ;mcc.c: 65: BORCON = 0x00;
  1498  0067  0022               	movlb	2	; select bank2
  1499  0068  0196               	clrf	22	;volatile
  1500  0069  0008               	return
  1501  006A                     __end_of_OSCILLATOR_Initialize:	
  1502                           
  1503                           	psect	intentry
  1504  0004                     __pintentry:	
  1505 ;; *************** function _INTERRUPT_InterruptManager *****************
  1506 ;; Defined at:
  1507 ;;		line 52 in file "mcc_generated_files/interrupt_manager.c"
  1508 ;; Parameters:    Size  Location     Type
  1509 ;;		None
  1510 ;; Auto vars:     Size  Location     Type
  1511 ;;		None
  1512 ;; Return value:  Size  Location     Type
  1513 ;;                  1    wreg      void 
  1514 ;; Registers used:
  1515 ;;		wreg, status,2, status,0, pclath, cstack
  1516 ;; Tracked objects:
  1517 ;;		On entry : 0/0
  1518 ;;		On exit  : 0/0
  1519 ;;		Unchanged: 0/0
  1520 ;; Data sizes:     COMMON   BANK0   BANK1
  1521 ;;      Params:         0       0       0
  1522 ;;      Locals:         0       0       0
  1523 ;;      Temps:          0       0       0
  1524 ;;      Totals:         0       0       0
  1525 ;;Total ram usage:        0 bytes
  1526 ;; Hardware stack levels used:    1
  1527 ;; Hardware stack levels required when called:    3
  1528 ;; This function calls:
  1529 ;;		_TMR2_ISR
  1530 ;; This function is called by:
  1531 ;;		Interrupt level 1
  1532 ;; This function uses a non-reentrant model
  1533 ;;
  1534                           
  1535  0004                     _INTERRUPT_InterruptManager:	
  1536                           
  1537                           ;incstack = 0
  1538  0004  147E               	bsf	126,0	;set compiler interrupt flag (level 1)
  1539                           
  1540                           ; Regs used in _INTERRUPT_InterruptManager: [wreg+status,2+status,0+pclath+cstack]
  1541  0005  3180               	pagesel	$
  1542                           
  1543                           ;interrupt_manager.c: 55: if(INTCONbits.PEIE == 1)
  1544  0006  1F0B               	btfss	11,6	;volatile
  1545  0007  280F               	goto	i1l130
  1546                           
  1547                           ;interrupt_manager.c: 56: {;interrupt_manager.c: 57: if(PIE1bits.TMR2IE == 1 && PIR1bits
      +                          .TMR2IF == 1)
  1548  0008  0021               	movlb	1	; select bank1
  1549  0009  1C91               	btfss	17,1	;volatile
  1550  000A  280F               	goto	i1l130
  1551  000B  0020               	movlb	0	; select bank0
  1552  000C  1C91               	btfss	17,1	;volatile
  1553  000D  280F               	goto	i1l130
  1554                           
  1555                           ;interrupt_manager.c: 58: {;interrupt_manager.c: 59: TMR2_ISR();
  1556  000E  202B               	fcall	_TMR2_ISR
  1557  000F                     i1l130:	
  1558                           ;interrupt_manager.c: 66: else;interrupt_manager.c: 67: {
  1559                           
  1560                           ;interrupt_manager.c: 64: };interrupt_manager.c: 65: }
  1561                           
  1562                           ;interrupt_manager.c: 61: else;interrupt_manager.c: 62: {
  1563                           
  1564                           ;interrupt_manager.c: 60: }
  1565                           
  1566  000F  107E               	bcf	126,0	;clear compiler interrupt flag (level 1)
  1567  0010  0009               	retfie
  1568  0011                     __end_of_INTERRUPT_InterruptManager:	
  1569                           
  1570                           	psect	text9
  1571  002B                     __ptext9:	
  1572 ;; *************** function _TMR2_ISR *****************
  1573 ;; Defined at:
  1574 ;;		line 119 in file "mcc_generated_files/tmr2.c"
  1575 ;; Parameters:    Size  Location     Type
  1576 ;;		None
  1577 ;; Auto vars:     Size  Location     Type
  1578 ;;		None
  1579 ;; Return value:  Size  Location     Type
  1580 ;;                  1    wreg      void 
  1581 ;; Registers used:
  1582 ;;		wreg, status,2, status,0, pclath, cstack
  1583 ;; Tracked objects:
  1584 ;;		On entry : 0/0
  1585 ;;		On exit  : 0/0
  1586 ;;		Unchanged: 0/0
  1587 ;; Data sizes:     COMMON   BANK0   BANK1
  1588 ;;      Params:         0       0       0
  1589 ;;      Locals:         0       0       0
  1590 ;;      Temps:          0       0       0
  1591 ;;      Totals:         0       0       0
  1592 ;;Total ram usage:        0 bytes
  1593 ;; Hardware stack levels used:    1
  1594 ;; Hardware stack levels required when called:    2
  1595 ;; This function calls:
  1596 ;;		_TMR2_CallBack
  1597 ;; This function is called by:
  1598 ;;		_INTERRUPT_InterruptManager
  1599 ;; This function uses a non-reentrant model
  1600 ;;
  1601                           
  1602                           
  1603                           ;psect for function _TMR2_ISR
  1604  002B                     _TMR2_ISR:	
  1605                           
  1606                           ;tmr2.c: 121: static volatile unsigned int CountCallBack = 0;;tmr2.c: 124: PIR1bits.TMR2
      +                          IF = 0;
  1607                           
  1608                           ;incstack = 0
  1609                           ; Regs used in _TMR2_ISR: [wreg+status,2+status,0+pclath+cstack]
  1610  002B  0020               	movlb	0	; select bank0
  1611  002C  1091               	bcf	17,1	;volatile
  1612                           
  1613                           ;tmr2.c: 127: if (++CountCallBack >= 255)
  1614  002D  3001               	movlw	1
  1615  002E  07F2               	addwf	TMR2_ISR@CountCallBack,f	;volatile
  1616  002F  3000               	movlw	0
  1617  0030  3DF3               	addwfc	TMR2_ISR@CountCallBack+1,f	;volatile
  1618  0031  3000               	movlw	0
  1619  0032  0273               	subwf	TMR2_ISR@CountCallBack+1,w	;volatile
  1620  0033  30FF               	movlw	255
  1621  0034  1903               	skipnz
  1622  0035  0272               	subwf	TMR2_ISR@CountCallBack,w	;volatile
  1623  0036  1C03               	skipc
  1624  0037  0008               	return
  1625                           
  1626                           ;tmr2.c: 128: {;tmr2.c: 130: TMR2_CallBack();
  1627  0038  204C               	fcall	_TMR2_CallBack
  1628                           
  1629                           ;tmr2.c: 133: CountCallBack = 0;
  1630  0039  01F2               	clrf	TMR2_ISR@CountCallBack	;volatile
  1631  003A  01F3               	clrf	TMR2_ISR@CountCallBack+1	;volatile
  1632  003B  0008               	return
  1633  003C                     __end_of_TMR2_ISR:	
  1634                           
  1635                           	psect	text10
  1636  004C                     __ptext10:	
  1637 ;; *************** function _TMR2_CallBack *****************
  1638 ;; Defined at:
  1639 ;;		line 137 in file "mcc_generated_files/tmr2.c"
  1640 ;; Parameters:    Size  Location     Type
  1641 ;;		None
  1642 ;; Auto vars:     Size  Location     Type
  1643 ;;		None
  1644 ;; Return value:  Size  Location     Type
  1645 ;;                  1    wreg      void 
  1646 ;; Registers used:
  1647 ;;		wreg, status,2, status,0, pclath, cstack
  1648 ;; Tracked objects:
  1649 ;;		On entry : 0/0
  1650 ;;		On exit  : 0/0
  1651 ;;		Unchanged: 0/0
  1652 ;; Data sizes:     COMMON   BANK0   BANK1
  1653 ;;      Params:         0       0       0
  1654 ;;      Locals:         0       0       0
  1655 ;;      Temps:          0       0       0
  1656 ;;      Totals:         0       0       0
  1657 ;;Total ram usage:        0 bytes
  1658 ;; Hardware stack levels used:    1
  1659 ;; Hardware stack levels required when called:    1
  1660 ;; This function calls:
  1661 ;;		Absolute function
  1662 ;;		_TMR2_DefaultInterruptHandler
  1663 ;; This function is called by:
  1664 ;;		_TMR2_ISR
  1665 ;; This function uses a non-reentrant model
  1666 ;;
  1667                           
  1668                           
  1669                           ;psect for function _TMR2_CallBack
  1670  004C                     _TMR2_CallBack:	
  1671                           
  1672                           ;tmr2.c: 141: if(TMR2_InterruptHandler)
  1673                           
  1674                           ;incstack = 0
  1675                           ; Regs used in _TMR2_CallBack: [wreg+status,2+status,0+pclath+cstack]
  1676  004C  0870               	movf	_TMR2_InterruptHandler,w
  1677  004D  0471               	iorwf	_TMR2_InterruptHandler+1,w
  1678  004E  1903               	btfsc	3,2
  1679  004F  0008               	return
  1680                           
  1681                           ;tmr2.c: 142: {;tmr2.c: 143: TMR2_InterruptHandler();
  1682  0050  0871               	movf	_TMR2_InterruptHandler+1,w
  1683  0051  008A               	movwf	10
  1684  0052  0870               	movf	_TMR2_InterruptHandler,w
  1685  0053  000A               	callw
  1686  0054  3180               	pagesel	$
  1687  0055  0008               	return
  1688  0056                     __end_of_TMR2_CallBack:	
  1689                           
  1690                           	psect	text11
  1691  0075                     __ptext11:	
  1692 ;; *************** function _TMR2_DefaultInterruptHandler *****************
  1693 ;; Defined at:
  1694 ;;		line 151 in file "mcc_generated_files/tmr2.c"
  1695 ;; Parameters:    Size  Location     Type
  1696 ;;		None
  1697 ;; Auto vars:     Size  Location     Type
  1698 ;;		None
  1699 ;; Return value:  Size  Location     Type
  1700 ;;                  1    wreg      void 
  1701 ;; Registers used:
  1702 ;;		None
  1703 ;; Tracked objects:
  1704 ;;		On entry : 0/0
  1705 ;;		On exit  : 0/0
  1706 ;;		Unchanged: 0/0
  1707 ;; Data sizes:     COMMON   BANK0   BANK1
  1708 ;;      Params:         0       0       0
  1709 ;;      Locals:         0       0       0
  1710 ;;      Temps:          0       0       0
  1711 ;;      Totals:         0       0       0
  1712 ;;Total ram usage:        0 bytes
  1713 ;; Hardware stack levels used:    1
  1714 ;; This function calls:
  1715 ;;		Nothing
  1716 ;; This function is called by:
  1717 ;;		_TMR2_Initialize
  1718 ;;		_TMR2_CallBack
  1719 ;; This function uses a non-reentrant model
  1720 ;;
  1721                           
  1722                           
  1723                           ;psect for function _TMR2_DefaultInterruptHandler
  1724  0075                     _TMR2_DefaultInterruptHandler:	
  1725                           
  1726                           ;incstack = 0
  1727                           ; Regs used in _TMR2_DefaultInterruptHandler: []
  1728  0075  0008               	return
  1729  0076                     __end_of_TMR2_DefaultInterruptHandler:	
  1730  007E                     btemp	set	126	;btemp
  1731  007E                     int$flags	set	126
  1732  007E                     wtemp0	set	126


Data Sizes:
    Strings     0
    Constant    0
    Data        0
    BSS         2
    Persistent  2
    Stack       0

Auto Spaces:
    Space          Size  Autos    Used
    COMMON           14      2       6
    BANK0            80      0       0
    BANK1            32      0       0

Pointer List with Targets:

    TMR2_SetInterruptHandler@InterruptHandler	PTR FTN()void  size(2) Largest target is 1
		 -> TMR2_DefaultInterruptHandler(), 

    TMR2_InterruptHandler	PTR FTN()void  size(2) Largest target is 1
		 -> Absolute function(), TMR2_DefaultInterruptHandler(), 


Critical Paths under _main in COMMON

    _TMR2_Initialize->_TMR2_SetInterruptHandler

Critical Paths under _INTERRUPT_InterruptManager in COMMON

    None.

Critical Paths under _main in BANK0

    None.

Critical Paths under _INTERRUPT_InterruptManager in BANK0

    None.

Critical Paths under _main in BANK1

    None.

Critical Paths under _INTERRUPT_InterruptManager in BANK1

    None.

Call Graph Tables:

 ---------------------------------------------------------------------------------
 (Depth) Function   	        Calls       Base Space   Used Autos Params    Refs
 ---------------------------------------------------------------------------------
 (0) _main                                                 0     0      0      75
                  _SYSTEM_Initialize
 ---------------------------------------------------------------------------------
 (1) _SYSTEM_Initialize                                    0     0      0      75
              _OSCILLATOR_Initialize
             _PIN_MANAGER_Initialize
                    _PWM1_Initialize
                    _TMR2_Initialize
                     _WDT_Initialize
 ---------------------------------------------------------------------------------
 (2) _WDT_Initialize                                       0     0      0       0
 ---------------------------------------------------------------------------------
 (2) _TMR2_Initialize                                      0     0      0      75
           _TMR2_SetInterruptHandler
 ---------------------------------------------------------------------------------
 (3) _TMR2_SetInterruptHandler                             2     0      2      75
                                              0 COMMON     2     0      2
 ---------------------------------------------------------------------------------
 (2) _PWM1_Initialize                                      0     0      0       0
 ---------------------------------------------------------------------------------
 (2) _PIN_MANAGER_Initialize                               0     0      0       0
 ---------------------------------------------------------------------------------
 (2) _OSCILLATOR_Initialize                                0     0      0       0
 ---------------------------------------------------------------------------------
 Estimated maximum stack depth 3
 ---------------------------------------------------------------------------------
 (Depth) Function   	        Calls       Base Space   Used Autos Params    Refs
 ---------------------------------------------------------------------------------
 (4) _INTERRUPT_InterruptManager                           0     0      0       0
                           _TMR2_ISR
 ---------------------------------------------------------------------------------
 (5) _TMR2_ISR                                             0     0      0       0
                      _TMR2_CallBack
 ---------------------------------------------------------------------------------
 (6) _TMR2_CallBack                                        0     0      0       0
                   Absolute function *
       _TMR2_DefaultInterruptHandler *
 ---------------------------------------------------------------------------------
 (7) _TMR2_DefaultInterruptHandler                         0     0      0       0
 ---------------------------------------------------------------------------------
 (7) Absolute function(Fake)                               0     0      0       0
 ---------------------------------------------------------------------------------
 Estimated maximum stack depth 7
 ---------------------------------------------------------------------------------

 Call Graph Graphs:

 _main (ROOT)
   _SYSTEM_Initialize
     _OSCILLATOR_Initialize
     _PIN_MANAGER_Initialize
     _PWM1_Initialize
     _TMR2_Initialize
       _TMR2_SetInterruptHandler
     _WDT_Initialize

 _INTERRUPT_InterruptManager (ROOT)
   _TMR2_ISR
     _TMR2_CallBack
       Absolute function(Fake) *
       _TMR2_DefaultInterruptHandler *

 Address spaces:
Name               Size   Autos  Total    Cost      Usage
BIGRAM              70      0       0       0        0.0%
NULL                 0      0       0       0        0.0%
CODE                 0      0       0       0        0.0%
BITCOMMON            E      0       0       1        0.0%
BITSFR0              0      0       0       1        0.0%
SFR0                 0      0       0       1        0.0%
COMMON               E      2       6       2       42.9%
BITSFR1              0      0       0       2        0.0%
SFR1                 0      0       0       2        0.0%
BITSFR2              0      0       0       3        0.0%
SFR2                 0      0       0       3        0.0%
STACK                0      0       0       3        0.0%
BITSFR3              0      0       0       4        0.0%
SFR3                 0      0       0       4        0.0%
ABS                  0      0       6       4        0.0%
BITBANK0            50      0       0       5        0.0%
BITSFR4              0      0       0       5        0.0%
SFR4                 0      0       0       5        0.0%
BANK0               50      0       0       6        0.0%
BITSFR5              0      0       0       6        0.0%
SFR5                 0      0       0       6        0.0%
BITBANK1            20      0       0       7        0.0%
BITSFR6              0      0       0       7        0.0%
SFR6                 0      0       0       7        0.0%
BANK1               20      0       0       8        0.0%
BITSFR7              0      0       0       8        0.0%
SFR7                 0      0       0       8        0.0%
BITSFR8              0      0       0       9        0.0%
SFR8                 0      0       0       9        0.0%
DATA                 0      0       6       9        0.0%
BITSFR9              0      0       0      10        0.0%
SFR9                 0      0       0      10        0.0%
BITSFR10             0      0       0      11        0.0%
SFR10                0      0       0      11        0.0%
BITSFR11             0      0       0      12        0.0%
SFR11                0      0       0      12        0.0%
BITSFR12             0      0       0      13        0.0%
SFR12                0      0       0      13        0.0%
BITSFR13             0      0       0      14        0.0%
SFR13                0      0       0      14        0.0%
BITSFR14             0      0       0      15        0.0%
SFR14                0      0       0      15        0.0%
BITSFR15             0      0       0      16        0.0%
SFR15                0      0       0      16        0.0%
BITSFR16             0      0       0      17        0.0%
SFR16                0      0       0      17        0.0%
BITSFR17             0      0       0      18        0.0%
SFR17                0      0       0      18        0.0%
BITSFR18             0      0       0      19        0.0%
SFR18                0      0       0      19        0.0%
BITSFR19             0      0       0      20        0.0%
SFR19                0      0       0      20        0.0%
BITSFR20             0      0       0      21        0.0%
SFR20                0      0       0      21        0.0%
BITSFR21             0      0       0      22        0.0%
SFR21                0      0       0      22        0.0%
BITSFR22             0      0       0      23        0.0%
SFR22                0      0       0      23        0.0%
BITSFR23             0      0       0      24        0.0%
SFR23                0      0       0      24        0.0%
BITSFR24             0      0       0      25        0.0%
SFR24                0      0       0      25        0.0%
BITSFR25             0      0       0      26        0.0%
SFR25                0      0       0      26        0.0%
BITSFR26             0      0       0      27        0.0%
SFR26                0      0       0      27        0.0%
BITSFR27             0      0       0      28        0.0%
SFR27                0      0       0      28        0.0%
BITSFR28             0      0       0      29        0.0%
SFR28                0      0       0      29        0.0%
BITSFR29             0      0       0      30        0.0%
SFR29                0      0       0      30        0.0%
BITSFR30             0      0       0      31        0.0%
SFR30                0      0       0      31        0.0%
BITSFR31             0      0       0      32        0.0%
SFR31                0      0       0      32        0.0%


Microchip Technology PIC Macro Assembler V2.00 build -1524193055 
Symbol Table                                                                                   Fri Jun 22 11:08:01 2018

        __end_of_TMR2_SetInterruptHandler 006F                               __CFG_CP$OFF 0000  
                                      l32 0074                               __CFG_LVP$ON 0000  
                                     _PR2 001B                           _TMR2_Initialize 003C  
                            __CFG_BORV$LO 0000                   __end_of_PWM1_Initialize 005E  
                                    _LATA 010C                                      _LATC 010E  
                                    _TMR2 001A                                      _WPUA 020C  
                            __CFG_WRT$OFF 0000                                      _main 0073  
                                    btemp 007E                                      start 0011  
                           __CFG_MCLRE$ON 0000            __size_of_OSCILLATOR_Initialize 0006  
           __end_of_OSCILLATOR_Initialize 006A                                     ?_main 0074  
                           __CFG_WDTE$OFF 0000                                     _T2CON 001C  
                                   i1l130 000F                                     _TRISA 008C  
                                   _TRISC 008E                          __end_of_TMR2_ISR 003C  
                          _WDT_Initialize 006F                            __CFG_BOREN$OFF 0000  
                                   pclath 000A                                     status 0003  
                                   wtemp0 007E                           __initialization 0012  
                            __end_of_main 0075                   __end_of_TMR2_Initialize 004C  
                          __CFG_LPBOR$OFF 0000               ?_INTERRUPT_InterruptManager 0074  
                _TMR2_SetInterruptHandler 006A                                    ??_main 0076  
                  __end_of_WDT_Initialize 0073                                    _APFCON 011D  
                                  _ANSELA 018C                                    _ANSELC 018E  
                                  _BORCON 0116                          ?_PWM1_Initialize 0074  
                                  _OSCCON 0099                                    _WDTCON 0097  
                          __CFG_PWRTE$OFF 0000                            __CFG_STVREN$ON 0000  
                         ?_WDT_Initialize 0074  TMR2_SetInterruptHandler@InterruptHandler 0074  
                       _SYSTEM_Initialize 005E                   __end_of__initialization 0014  
                   __end_of_TMR2_CallBack 0056                        ?_SYSTEM_Initialize 0074  
                          __pcstackCOMMON 0074                       ??_SYSTEM_Initialize 0076  
                               ?_TMR2_ISR 0074                          ?_TMR2_Initialize 0074  
                          _OPTION_REGbits 0095                 __end_of_SYSTEM_Initialize 0064  
                              __pnvCOMMON 0070                                __pmaintext 0073  
                              ??_TMR2_ISR 0074                                __pintentry 0004  
                                 _PWM1DCH 0612                                   _PWM1DCL 0611  
                                 _PWM1CON 0613                ??_TMR2_SetInterruptHandler 0076  
                                 __ptext1 005E                                   __ptext2 006F  
                                 __ptext3 003C                                   __ptext4 006A  
                                 __ptext5 0056                                   __ptext6 0017  
                                 __ptext7 0064                                   __ptext9 002B  
                   _OSCILLATOR_Initialize 0064                                 _T2CONbits 001C  
                ??_PIN_MANAGER_Initialize 0074                __size_of_SYSTEM_Initialize 0006  
                    end_of_initialization 0014                          ??_WDT_Initialize 0074  
                        __CFG_FOSC$INTOSC 0000                  __size_of_PWM1_Initialize 0008  
    __end_of_TMR2_DefaultInterruptHandler 0076     __size_of_TMR2_DefaultInterruptHandler 0001  
            _TMR2_DefaultInterruptHandler 0075                         __size_of_TMR2_ISR 0011  
                  ?_OSCILLATOR_Initialize 0074                       start_initialization 0012  
         __size_of_PIN_MANAGER_Initialize 0014             ?_TMR2_DefaultInterruptHandler 0074  
                  __size_of_TMR2_CallBack 000A                               __pbssCOMMON 0072  
                               ___latbits 0000                  __size_of_TMR2_Initialize 0010  
                  _PIN_MANAGER_Initialize 0017                         ??_PWM1_Initialize 0074  
            ??_INTERRUPT_InterruptManager 0074                             _TMR2_CallBack 004C  
                                _PIE1bits 0091       __size_of_INTERRUPT_InterruptManager 000D  
                                _PIR1bits 0011                                  _TMR2_ISR 002B  
          ??_TMR2_DefaultInterruptHandler 0074         __size_of_TMR2_SetInterruptHandler 0005  
               ?_TMR2_SetInterruptHandler 0074                         ??_TMR2_Initialize 0076  
                          ?_TMR2_CallBack 0074                   ??_OSCILLATOR_Initialize 0074  
                                __ptext10 004C                                  __ptext11 0075  
                           __size_of_main 0002                                  int$flags 007E  
      __end_of_INTERRUPT_InterruptManager 0011                _INTERRUPT_InterruptManager 0004  
                              _INTCONbits 000B                   __size_of_WDT_Initialize 0004  
                                intlevel1 0000                           ??_TMR2_CallBack 0074  
                 ?_PIN_MANAGER_Initialize 0074                         __CFG_CLKOUTEN$OFF 0000  
                         _PWM1_Initialize 0056                     TMR2_ISR@CountCallBack 0072  
          __end_of_PIN_MANAGER_Initialize 002B                     _TMR2_InterruptHandler 0070  
